0 info it worked if it ends with ok
1 verbose cli [ '/usr/bin/node', '/usr/bin/npm', 'install' ]
2 info using npm@1.4.28
3 info using node@v0.10.37
4 verbose node symlink /usr/bin/node
5 warn package.json test@0.0.0 No description
6 warn package.json test@0.0.0 No repository field.
7 warn package.json test@0.0.0 No README data
8 verbose readDependencies using package.json deps
9 verbose install where, deps [ '/home/nevosis/travail/template_astek/testGMap',
9 verbose install   [ 'angular-google-maps',
9 verbose install     'estraverse',
9 verbose install     'gulp',
9 verbose install     'gulp-autoprefixer',
9 verbose install     'gulp-angular-templatecache',
9 verbose install     'del',
9 verbose install     'lodash',
9 verbose install     'gulp-cssnano',
9 verbose install     'gulp-filter',
9 verbose install     'gulp-flatten',
9 verbose install     'gulp-eslint',
9 verbose install     'eslint-plugin-angular',
9 verbose install     'gulp-load-plugins',
9 verbose install     'gulp-size',
9 verbose install     'gulp-uglify',
9 verbose install     'gulp-useref',
9 verbose install     'gulp-util',
9 verbose install     'gulp-ng-annotate',
9 verbose install     'gulp-replace',
9 verbose install     'gulp-rename',
9 verbose install     'gulp-rev',
9 verbose install     'gulp-rev-replace',
9 verbose install     'gulp-htmlmin',
9 verbose install     'gulp-inject',
9 verbose install     'gulp-protractor',
9 verbose install     'gulp-sourcemaps',
9 verbose install     'gulp-less',
9 verbose install     'gulp-angular-filesort',
9 verbose install     'main-bower-files',
9 verbose install     'wiredep',
9 verbose install     'karma',
9 verbose install     'karma-jasmine',
9 verbose install     'karma-phantomjs-launcher',
9 verbose install     'phantomjs',
9 verbose install     'karma-angular-filesort',
9 verbose install     'karma-phantomjs-shim',
9 verbose install     'karma-coverage',
9 verbose install     'karma-ng-html2js-preprocessor',
9 verbose install     'browser-sync',
9 verbose install     'browser-sync-spa',
9 verbose install     'http-proxy-middleware',
9 verbose install     'chalk',
9 verbose install     'uglify-save-license',
9 verbose install     'wrench' ] ]
10 info preinstall test@0.0.0
11 verbose readDependencies using package.json deps
12 verbose already installed skipping gulp-flatten@~0.2.0 /home/nevosis/travail/template_astek/testGMap
13 verbose already installed skipping gulp-eslint@~1.0.0 /home/nevosis/travail/template_astek/testGMap
14 verbose already installed skipping eslint-plugin-angular@~0.12.0 /home/nevosis/travail/template_astek/testGMap
15 verbose already installed skipping gulp-load-plugins@~0.10.0 /home/nevosis/travail/template_astek/testGMap
16 verbose already installed skipping gulp-size@~2.0.0 /home/nevosis/travail/template_astek/testGMap
17 verbose cache add [ 'gulp-uglify@~1.4.1', null ]
18 verbose cache add name=undefined spec="gulp-uglify@~1.4.1" args=["gulp-uglify@~1.4.1",null]
19 verbose parsed url { protocol: null,
19 verbose parsed url   slashes: null,
19 verbose parsed url   auth: null,
19 verbose parsed url   host: null,
19 verbose parsed url   port: null,
19 verbose parsed url   hostname: null,
19 verbose parsed url   hash: null,
19 verbose parsed url   search: null,
19 verbose parsed url   query: null,
19 verbose parsed url   pathname: 'gulp-uglify@~1.4.1',
19 verbose parsed url   path: 'gulp-uglify@~1.4.1',
19 verbose parsed url   href: 'gulp-uglify@~1.4.1' }
20 verbose cache add [ 'gulp-useref@~3.0.3', null ]
21 verbose cache add name=undefined spec="gulp-useref@~3.0.3" args=["gulp-useref@~3.0.3",null]
22 verbose parsed url { protocol: null,
22 verbose parsed url   slashes: null,
22 verbose parsed url   auth: null,
22 verbose parsed url   host: null,
22 verbose parsed url   port: null,
22 verbose parsed url   hostname: null,
22 verbose parsed url   hash: null,
22 verbose parsed url   search: null,
22 verbose parsed url   query: null,
22 verbose parsed url   pathname: 'gulp-useref@~3.0.3',
22 verbose parsed url   path: 'gulp-useref@~3.0.3',
22 verbose parsed url   href: 'gulp-useref@~3.0.3' }
23 verbose already installed skipping gulp-util@~3.0.6 /home/nevosis/travail/template_astek/testGMap
24 verbose already installed skipping gulp-ng-annotate@~1.1.0 /home/nevosis/travail/template_astek/testGMap
25 verbose cache add name="gulp-uglify" spec="~1.4.1" args=["gulp-uglify","~1.4.1"]
26 verbose parsed url { protocol: null,
26 verbose parsed url   slashes: null,
26 verbose parsed url   auth: null,
26 verbose parsed url   host: null,
26 verbose parsed url   port: null,
26 verbose parsed url   hostname: null,
26 verbose parsed url   hash: null,
26 verbose parsed url   search: null,
26 verbose parsed url   query: null,
26 verbose parsed url   pathname: '~1.4.1',
26 verbose parsed url   path: '~1.4.1',
26 verbose parsed url   href: '~1.4.1' }
27 verbose addNamed [ 'gulp-uglify', '~1.4.1' ]
28 verbose addNamed [ null, '>=1.4.1-0 <1.5.0-0' ]
29 verbose cache add name="gulp-useref" spec="~3.0.3" args=["gulp-useref","~3.0.3"]
30 verbose parsed url { protocol: null,
30 verbose parsed url   slashes: null,
30 verbose parsed url   auth: null,
30 verbose parsed url   host: null,
30 verbose parsed url   port: null,
30 verbose parsed url   hostname: null,
30 verbose parsed url   hash: null,
30 verbose parsed url   search: null,
30 verbose parsed url   query: null,
30 verbose parsed url   pathname: '~3.0.3',
30 verbose parsed url   path: '~3.0.3',
30 verbose parsed url   href: '~3.0.3' }
31 verbose addNamed [ 'gulp-useref', '~3.0.3' ]
32 verbose addNamed [ null, '>=3.0.3-0 <3.1.0-0' ]
33 verbose already installed skipping gulp-replace@~0.5.4 /home/nevosis/travail/template_astek/testGMap
34 verbose already installed skipping gulp-rename@~1.2.2 /home/nevosis/travail/template_astek/testGMap
35 verbose already installed skipping gulp-rev@~6.0.1 /home/nevosis/travail/template_astek/testGMap
36 silly lockFile 0252d07f-gulp-uglify-1-4-1 gulp-uglify@~1.4.1
37 verbose lock gulp-uglify@~1.4.1 /home/nevosis/.npm/0252d07f-gulp-uglify-1-4-1.lock
38 silly lockFile 0a28b53b-gulp-useref-3-0-3 gulp-useref@~3.0.3
39 verbose lock gulp-useref@~3.0.3 /home/nevosis/.npm/0a28b53b-gulp-useref-3-0-3.lock
40 verbose already installed skipping gulp-rev-replace@~0.4.2 /home/nevosis/travail/template_astek/testGMap
41 silly addNameRange { name: 'gulp-uglify',
41 silly addNameRange   range: '>=1.4.1-0 <1.5.0-0',
41 silly addNameRange   hasData: false }
42 silly addNameRange { name: 'gulp-useref',
42 silly addNameRange   range: '>=3.0.3-0 <3.1.0-0',
42 silly addNameRange   hasData: false }
43 verbose already installed skipping gulp-htmlmin@~1.3.0 /home/nevosis/travail/template_astek/testGMap
44 verbose already installed skipping gulp-inject@~3.0.0 /home/nevosis/travail/template_astek/testGMap
45 verbose already installed skipping gulp-protractor@~2.1.0 /home/nevosis/travail/template_astek/testGMap
46 verbose already installed skipping gulp-sourcemaps@~1.6.0 /home/nevosis/travail/template_astek/testGMap
47 verbose cache add [ 'gulp-less@~3.0.3', null ]
48 verbose cache add name=undefined spec="gulp-less@~3.0.3" args=["gulp-less@~3.0.3",null]
49 verbose parsed url { protocol: null,
49 verbose parsed url   slashes: null,
49 verbose parsed url   auth: null,
49 verbose parsed url   host: null,
49 verbose parsed url   port: null,
49 verbose parsed url   hostname: null,
49 verbose parsed url   hash: null,
49 verbose parsed url   search: null,
49 verbose parsed url   query: null,
49 verbose parsed url   pathname: 'gulp-less@~3.0.3',
49 verbose parsed url   path: 'gulp-less@~3.0.3',
49 verbose parsed url   href: 'gulp-less@~3.0.3' }
50 verbose already installed skipping gulp-angular-filesort@~1.1.1 /home/nevosis/travail/template_astek/testGMap
51 verbose already installed skipping main-bower-files@~2.9.0 /home/nevosis/travail/template_astek/testGMap
52 verbose already installed skipping wiredep@~2.2.2 /home/nevosis/travail/template_astek/testGMap
53 verbose already installed skipping karma@~0.13.10 /home/nevosis/travail/template_astek/testGMap
54 verbose already installed skipping karma-jasmine@~0.3.6 /home/nevosis/travail/template_astek/testGMap
55 verbose already installed skipping karma-phantomjs-launcher@~0.2.1 /home/nevosis/travail/template_astek/testGMap
56 verbose already installed skipping phantomjs@~1.9.18 /home/nevosis/travail/template_astek/testGMap
57 verbose already installed skipping karma-angular-filesort@~1.0.0 /home/nevosis/travail/template_astek/testGMap
58 verbose already installed skipping karma-phantomjs-shim@~1.2.0 /home/nevosis/travail/template_astek/testGMap
59 verbose already installed skipping karma-coverage@~0.5.2 /home/nevosis/travail/template_astek/testGMap
60 verbose already installed skipping karma-ng-html2js-preprocessor@~0.2.0 /home/nevosis/travail/template_astek/testGMap
61 verbose already installed skipping browser-sync@~2.9.11 /home/nevosis/travail/template_astek/testGMap
62 verbose already installed skipping browser-sync-spa@~1.0.3 /home/nevosis/travail/template_astek/testGMap
63 verbose already installed skipping http-proxy-middleware@~0.9.0 /home/nevosis/travail/template_astek/testGMap
64 verbose already installed skipping chalk@~1.1.1 /home/nevosis/travail/template_astek/testGMap
65 verbose already installed skipping uglify-save-license@~0.4.1 /home/nevosis/travail/template_astek/testGMap
66 verbose already installed skipping wrench@~1.5.8 /home/nevosis/travail/template_astek/testGMap
67 verbose cache add [ 'angular-google-maps@3.20.0', null ]
68 verbose cache add name=undefined spec="angular-google-maps@3.20.0" args=["angular-google-maps@3.20.0",null]
69 verbose parsed url { protocol: null,
69 verbose parsed url   slashes: null,
69 verbose parsed url   auth: null,
69 verbose parsed url   host: null,
69 verbose parsed url   port: null,
69 verbose parsed url   hostname: null,
69 verbose parsed url   hash: null,
69 verbose parsed url   search: null,
69 verbose parsed url   query: null,
69 verbose parsed url   pathname: 'angular-google-maps@3.20.0',
69 verbose parsed url   path: 'angular-google-maps@3.20.0',
69 verbose parsed url   href: 'angular-google-maps@3.20.0' }
70 verbose already installed skipping estraverse@~4.1.0 /home/nevosis/travail/template_astek/testGMap
71 verbose already installed skipping gulp@~3.9.0 /home/nevosis/travail/template_astek/testGMap
72 verbose already installed skipping gulp-autoprefixer@~3.0.2 /home/nevosis/travail/template_astek/testGMap
73 verbose already installed skipping gulp-angular-templatecache@~1.8.0 /home/nevosis/travail/template_astek/testGMap
74 verbose already installed skipping del@~2.0.2 /home/nevosis/travail/template_astek/testGMap
75 verbose already installed skipping lodash@~3.10.1 /home/nevosis/travail/template_astek/testGMap
76 verbose already installed skipping gulp-cssnano@~2.1.1 /home/nevosis/travail/template_astek/testGMap
77 verbose already installed skipping gulp-filter@~3.0.1 /home/nevosis/travail/template_astek/testGMap
78 verbose cache add name="gulp-less" spec="~3.0.3" args=["gulp-less","~3.0.3"]
79 verbose parsed url { protocol: null,
79 verbose parsed url   slashes: null,
79 verbose parsed url   auth: null,
79 verbose parsed url   host: null,
79 verbose parsed url   port: null,
79 verbose parsed url   hostname: null,
79 verbose parsed url   hash: null,
79 verbose parsed url   search: null,
79 verbose parsed url   query: null,
79 verbose parsed url   pathname: '~3.0.3',
79 verbose parsed url   path: '~3.0.3',
79 verbose parsed url   href: '~3.0.3' }
80 verbose addNamed [ 'gulp-less', '~3.0.3' ]
81 verbose addNamed [ null, '>=3.0.3-0 <3.1.0-0' ]
82 silly lockFile 7a832761-gulp-less-3-0-3 gulp-less@~3.0.3
83 verbose lock gulp-less@~3.0.3 /home/nevosis/.npm/7a832761-gulp-less-3-0-3.lock
84 verbose cache add name="angular-google-maps" spec="3.20.0" args=["angular-google-maps","3.20.0"]
85 verbose parsed url { protocol: null,
85 verbose parsed url   slashes: null,
85 verbose parsed url   auth: null,
85 verbose parsed url   host: null,
85 verbose parsed url   port: null,
85 verbose parsed url   hostname: null,
85 verbose parsed url   hash: null,
85 verbose parsed url   search: null,
85 verbose parsed url   query: null,
85 verbose parsed url   pathname: '3.20.0',
85 verbose parsed url   path: '3.20.0',
85 verbose parsed url   href: '3.20.0' }
86 verbose addNamed [ 'angular-google-maps', '3.20.0' ]
87 verbose addNamed [ '3.20.0', '3.20.0' ]
88 silly lockFile 57880108-angular-google-maps-3-20-0 angular-google-maps@3.20.0
89 verbose lock angular-google-maps@3.20.0 /home/nevosis/.npm/57880108-angular-google-maps-3-20-0.lock
90 silly addNameRange { name: 'gulp-less',
90 silly addNameRange   range: '>=3.0.3-0 <3.1.0-0',
90 silly addNameRange   hasData: false }
91 silly addNameRange number 2 { name: 'gulp-uglify',
91 silly addNameRange   range: '>=1.4.1-0 <1.5.0-0',
91 silly addNameRange   hasData: true }
92 silly addNameRange versions [ 'gulp-uglify',
92 silly addNameRange   [ '0.0.1',
92 silly addNameRange     '0.0.3',
92 silly addNameRange     '0.0.4',
92 silly addNameRange     '0.1.0',
92 silly addNameRange     '0.2.0',
92 silly addNameRange     '0.2.1',
92 silly addNameRange     '0.3.0',
92 silly addNameRange     '0.3.1',
92 silly addNameRange     '0.3.2',
92 silly addNameRange     '1.0.0-0',
92 silly addNameRange     '1.0.0',
92 silly addNameRange     '1.0.1',
92 silly addNameRange     '1.0.2',
92 silly addNameRange     '1.1.0',
92 silly addNameRange     '1.2.0',
92 silly addNameRange     '1.3.0',
92 silly addNameRange     '1.4.0',
92 silly addNameRange     '1.4.1',
92 silly addNameRange     '1.4.2',
92 silly addNameRange     '1.5.1',
92 silly addNameRange     '1.5.2',
92 silly addNameRange     '1.5.3',
92 silly addNameRange     '1.5.4',
92 silly addNameRange     '2.0.0' ] ]
93 verbose addNamed [ 'gulp-uglify', '1.4.2' ]
94 verbose addNamed [ '1.4.2', '1.4.2' ]
95 silly lockFile ddedf2bd-gulp-uglify-1-4-2 gulp-uglify@1.4.2
96 verbose lock gulp-uglify@1.4.2 /home/nevosis/.npm/ddedf2bd-gulp-uglify-1-4-2.lock
97 silly addNameRange number 2 { name: 'gulp-useref',
97 silly addNameRange   range: '>=3.0.3-0 <3.1.0-0',
97 silly addNameRange   hasData: true }
98 silly addNameRange versions [ 'gulp-useref',
98 silly addNameRange   [ '0.1.0',
98 silly addNameRange     '0.1.1',
98 silly addNameRange     '0.1.2',
98 silly addNameRange     '0.2.0',
98 silly addNameRange     '0.2.1',
98 silly addNameRange     '0.2.2',
98 silly addNameRange     '0.3.0',
98 silly addNameRange     '0.3.1',
98 silly addNameRange     '0.4.0',
98 silly addNameRange     '0.4.1',
98 silly addNameRange     '0.4.2',
98 silly addNameRange     '0.4.3',
98 silly addNameRange     '0.4.4',
98 silly addNameRange     '0.4.5',
98 silly addNameRange     '0.5.0',
98 silly addNameRange     '0.6.0',
98 silly addNameRange     '1.0.0',
98 silly addNameRange     '1.0.1',
98 silly addNameRange     '1.0.2',
98 silly addNameRange     '1.1.0',
98 silly addNameRange     '1.1.1',
98 silly addNameRange     '1.1.2',
98 silly addNameRange     '1.2.0',
98 silly addNameRange     '1.3.0',
98 silly addNameRange     '2.0.0',
98 silly addNameRange     '2.0.1',
98 silly addNameRange     '2.1.0',
98 silly addNameRange     '3.0.0',
98 silly addNameRange     '3.0.1',
98 silly addNameRange     '3.0.2',
98 silly addNameRange     '3.0.3',
98 silly addNameRange     '3.0.4',
98 silly addNameRange     '3.0.5',
98 silly addNameRange     '3.0.6',
98 silly addNameRange     '3.0.7',
98 silly addNameRange     '3.0.8',
98 silly addNameRange     '3.1.0',
98 silly addNameRange     '3.1.1',
98 silly addNameRange     '3.1.2' ] ]
99 verbose addNamed [ 'gulp-useref', '3.0.8' ]
100 verbose addNamed [ '3.0.8', '3.0.8' ]
101 silly lockFile 909dfde1-gulp-useref-3-0-8 gulp-useref@3.0.8
102 verbose lock gulp-useref@3.0.8 /home/nevosis/.npm/909dfde1-gulp-useref-3-0-8.lock
103 silly lockFile 57880108-angular-google-maps-3-20-0 angular-google-maps@3.20.0
104 silly lockFile 57880108-angular-google-maps-3-20-0 angular-google-maps@3.20.0
105 silly addNameRange number 2 { name: 'gulp-less', range: '>=3.0.3-0 <3.1.0-0', hasData: true }
106 silly addNameRange versions [ 'gulp-less',
106 silly addNameRange   [ '0.0.0',
106 silly addNameRange     '0.0.1',
106 silly addNameRange     '0.0.2',
106 silly addNameRange     '0.0.3',
106 silly addNameRange     '1.0.1',
106 silly addNameRange     '1.0.0',
106 silly addNameRange     '1.0.2',
106 silly addNameRange     '1.1.0',
106 silly addNameRange     '1.1.1',
106 silly addNameRange     '1.1.3',
106 silly addNameRange     '1.1.4',
106 silly addNameRange     '1.1.5',
106 silly addNameRange     '1.1.6',
106 silly addNameRange     '1.1.7',
106 silly addNameRange     '1.1.8',
106 silly addNameRange     '1.1.10',
106 silly addNameRange     '1.2.0',
106 silly addNameRange     '1.2.1',
106 silly addNameRange     '1.2.2',
106 silly addNameRange     '1.2.3',
106 silly addNameRange     '1.2.4',
106 silly addNameRange     '1.3.0',
106 silly addNameRange     '1.3.1',
106 silly addNameRange     '1.3.2',
106 silly addNameRange     '1.3.3',
106 silly addNameRange     '1.3.4',
106 silly addNameRange     '1.3.5',
106 silly addNameRange     '1.3.6',
106 silly addNameRange     '1.3.7',
106 silly addNameRange     '1.3.8',
106 silly addNameRange     '1.3.9',
106 silly addNameRange     '2.0.0',
106 silly addNameRange     '2.0.1',
106 silly addNameRange     '2.0.2',
106 silly addNameRange     '2.0.3',
106 silly addNameRange     '3.0.0',
106 silly addNameRange     '3.0.1',
106 silly addNameRange     '3.0.2',
106 silly addNameRange     '3.0.3',
106 silly addNameRange     '3.0.4',
106 silly addNameRange     '3.0.5',
106 silly addNameRange     '3.1.0',
106 silly addNameRange     '3.2.0',
106 silly addNameRange     '3.3.0' ] ]
107 verbose addNamed [ 'gulp-less', '3.0.5' ]
108 verbose addNamed [ '3.0.5', '3.0.5' ]
109 silly lockFile 6b9af53b-gulp-less-3-0-5 gulp-less@3.0.5
110 verbose lock gulp-less@3.0.5 /home/nevosis/.npm/6b9af53b-gulp-less-3-0-5.lock
111 silly lockFile ddedf2bd-gulp-uglify-1-4-2 gulp-uglify@1.4.2
112 silly lockFile ddedf2bd-gulp-uglify-1-4-2 gulp-uglify@1.4.2
113 silly lockFile 909dfde1-gulp-useref-3-0-8 gulp-useref@3.0.8
114 silly lockFile 909dfde1-gulp-useref-3-0-8 gulp-useref@3.0.8
115 silly lockFile 0252d07f-gulp-uglify-1-4-1 gulp-uglify@~1.4.1
116 silly lockFile 0252d07f-gulp-uglify-1-4-1 gulp-uglify@~1.4.1
117 silly lockFile 0a28b53b-gulp-useref-3-0-3 gulp-useref@~3.0.3
118 silly lockFile 0a28b53b-gulp-useref-3-0-3 gulp-useref@~3.0.3
119 silly lockFile 6b9af53b-gulp-less-3-0-5 gulp-less@3.0.5
120 silly lockFile 6b9af53b-gulp-less-3-0-5 gulp-less@3.0.5
121 silly lockFile 7a832761-gulp-less-3-0-3 gulp-less@~3.0.3
122 silly lockFile 7a832761-gulp-less-3-0-3 gulp-less@~3.0.3
123 error Error: version not found: angular-google-maps@3.20.0
123 error     at /usr/lib/node_modules/npm/lib/cache/add-named.js:125:12
123 error     at saved (/usr/lib/node_modules/npm/node_modules/npm-registry-client/lib/get.js:167:7)
123 error     at Object.oncomplete (fs.js:108:15)
124 error If you need help, you may report this *entire* log,
124 error including the npm and node versions, at:
124 error     <http://github.com/npm/npm/issues>
125 error System Linux 3.13.0-32-generic
126 error command "/usr/bin/node" "/usr/bin/npm" "install"
127 error cwd /home/nevosis/travail/template_astek/testGMap
128 error node -v v0.10.37
129 error npm -v 1.4.28
130 verbose exit [ 1, true ]
